app/build/intermediates/manifest_merge_blame_file/debug/manifest-merger-blame-debug-report.txt
1<?xml version="1.0" encoding="utf-8"?>
2<manifest xmlns:android="http://schemas.android.com/apk/res/android"
3    package="com.dong.multirun"
4    android:versionCode="43"
5    android:versionName="1.0.43.20" >
6
7    <uses-sdk
8        android:minSdkVersion="24"
9        android:targetSdkVersion="35" />
10
11    <uses-permission android:name="android.permission.QUERY_ALL_PACKAGES" />
11-->src/main/AndroidManifest.xml:5:5-6:53
11-->src/main/AndroidManifest.xml:5:22-74
12    <uses-permission android:name="android.permission.INTERNET" />
12-->src/main/AndroidManifest.xml:7:5-67
12-->src/main/AndroidManifest.xml:7:22-64
13    <uses-permission android:name="android.permission.ACCESS_NETWORK_STATE" />
13-->src/main/AndroidManifest.xml:8:5-79
13-->src/main/AndroidManifest.xml:8:22-76
14    <uses-permission android:name="android.permission.ACCESS_WIFI_STATE" />
14-->src/main/AndroidManifest.xml:9:5-76
14-->src/main/AndroidManifest.xml:9:22-73
15    <uses-permission android:name="android.permission.POST_NOTIFICATIONS" />
15-->src/main/AndroidManifest.xml:10:5-77
15-->src/main/AndroidManifest.xml:10:22-74
16    <uses-permission android:name="android.permission.REQUEST_INSTALL_PACKAGES" />
16-->src/main/AndroidManifest.xml:11:5-83
16-->src/main/AndroidManifest.xml:11:22-80
17    <uses-permission android:name="android.permission.USE_BIOMETRIC" />
17-->src/main/AndroidManifest.xml:12:5-72
17-->src/main/AndroidManifest.xml:12:22-69
18
19    <permission
19-->[androidx.core:core:1.12.0] AndroidManifest.xml:22:5-24:47
20        android:name="com.dong.multirun.DYNAMIC_RECEIVER_NOT_EXPORTED_PERMISSION"
20-->[androidx.core:core:1.12.0] AndroidManifest.xml:23:9-81
21        android:protectionLevel="signature" />
21-->[androidx.core:core:1.12.0] AndroidManifest.xml:24:9-44
22
23    <uses-permission android:name="com.dong.multirun.DYNAMIC_RECEIVER_NOT_EXPORTED_PERMISSION" />
23-->[androidx.core:core:1.12.0] AndroidManifest.xml:26:5-97
23-->[androidx.core:core:1.12.0] AndroidManifest.xml:26:22-94
24
25    <application
25-->src/main/AndroidManifest.xml:14:5-4738:19
26        android:name="com.dong.multirun.MultiRunApplication"
26-->src/main/AndroidManifest.xml:15:9-44
27        android:allowBackup="true"
27-->src/main/AndroidManifest.xml:16:9-35
28        android:appComponentFactory="androidx.core.app.CoreComponentFactory"
28-->[androidx.core:core:1.12.0] AndroidManifest.xml:28:18-86
29        android:debuggable="true"
30        android:extractNativeLibs="false"
31        android:icon="@mipmap/ic_launcher"
31-->src/main/AndroidManifest.xml:17:9-43
32        android:label="@string/app_name"
32-->src/main/AndroidManifest.xml:18:9-41
33        android:roundIcon="@mipmap/ic_launcher_round"
33-->src/main/AndroidManifest.xml:19:9-54
34        android:supportsRtl="true"
34-->src/main/AndroidManifest.xml:20:9-35
35        android:testOnly="true"
36        android:theme="@style/Theme.MultiRun" >
36-->src/main/AndroidManifest.xml:21:9-46
37        <activity
37-->src/main/AndroidManifest.xml:23:9-31:20
38            android:name="com.dong.multirun.SplashActivity"
38-->src/main/AndroidManifest.xml:24:13-43
39            android:exported="true"
39-->src/main/AndroidManifest.xml:25:13-36
40            android:theme="@style/Theme.MultiRun.Splash" >
40-->src/main/AndroidManifest.xml:26:13-57
41            <intent-filter>
41-->src/main/AndroidManifest.xml:27:13-30:29
42                <action android:name="android.intent.action.MAIN" />
42-->src/main/AndroidManifest.xml:28:17-69
42-->src/main/AndroidManifest.xml:28:25-66
43
44                <category android:name="android.intent.category.LAUNCHER" />
44-->src/main/AndroidManifest.xml:29:17-77
44-->src/main/AndroidManifest.xml:29:27-74
45            </intent-filter>
46        </activity>
47        <activity
47-->src/main/AndroidManifest.xml:33:9-35:40
48            android:name="com.dong.multirun.HomeActivity"
48-->src/main/AndroidManifest.xml:34:13-41
49            android:exported="false" />
49-->src/main/AndroidManifest.xml:35:13-37
50        <activity
50-->src/main/AndroidManifest.xml:37:9-39:40
51            android:name="com.dong.multirun.CloneAppActivity"
51-->src/main/AndroidManifest.xml:38:13-45
52            android:exported="false" />
52-->src/main/AndroidManifest.xml:39:13-37
53        <activity
53-->src/main/AndroidManifest.xml:41:9-43:40
54            android:name="com.dong.multirun.SettingActivity"
54-->src/main/AndroidManifest.xml:42:13-44
55            android:exported="false" />
55-->src/main/AndroidManifest.xml:43:13-37
56        <activity
56-->src/main/AndroidManifest.xml:45:9-53:54
57            android:name="com.dong.multirun.Ovbk$RA"
57-->src/main/AndroidManifest.xml:47:13-53
58            android:configChanges="fontScale|smallestScreenSize|screenSize|uiMode|screenLayout|orientation|navigation|keyboardHidden|keyboard|touchscreen|locale|mnc|mcc"
58-->src/main/AndroidManifest.xml:51:13-170
59            android:exported="true"
59-->src/main/AndroidManifest.xml:48:13-36
60            android:maxRecents="48"
60-->src/main/AndroidManifest.xml:52:13-36
61            android:process=":service"
61-->src/main/AndroidManifest.xml:49:13-39
62            android:screenOrientation="behind"
62-->src/main/AndroidManifest.xml:50:13-47
63            android:supportsPictureInPicture="true"
63-->src/main/AndroidManifest.xml:53:13-52
64            android:theme="@style/Theme.AgentActivity" />
64-->src/main/AndroidManifest.xml:46:13-55
65        <activity
65-->src/main/AndroidManifest.xml:54:9-62:54
66            android:name="com.dong.multirun.Ovbk$RAL"
66-->src/main/AndroidManifest.xml:56:13-54
67            android:configChanges="fontScale|smallestScreenSize|screenSize|uiMode|screenLayout|orientation|navigation|keyboardHidden|keyboard|touchscreen|locale|mnc|mcc"
67-->src/main/AndroidManifest.xml:60:13-170
68            android:exported="true"
68-->src/main/AndroidManifest.xml:57:13-36
69            android:maxRecents="48"
69-->src/main/AndroidManifest.xml:61:13-36
70            android:process=":service"
70-->src/main/AndroidManifest.xml:58:13-39
71            android:screenOrientation="landscape"
71-->src/main/AndroidManifest.xml:59:13-50
72            android:supportsPictureInPicture="true"
72-->src/main/AndroidManifest.xml:62:13-52
73            android:theme="@style/Theme.AgentActivity" />
73-->src/main/AndroidManifest.xml:55:13-55
74        <activity
74-->src/main/AndroidManifest.xml:63:9-69:56
75            android:name="com.dong.multirun.Ovbk$Choose"
75-->src/main/AndroidManifest.xml:65:13-57
76            android:excludeFromRecents="true"
76-->src/main/AndroidManifest.xml:68:13-46
77            android:exported="true"
77-->src/main/AndroidManifest.xml:66:13-36
78            android:finishOnCloseSystemDialogs="true"
78-->src/main/AndroidManifest.xml:69:13-54
79            android:process=":service"
79-->src/main/AndroidManifest.xml:67:13-39
80            android:theme="@android:style/Theme.DeviceDefault.Light.Dialog" />
80-->src/main/AndroidManifest.xml:64:13-76
81        <activity
81-->src/main/AndroidManifest.xml:70:9-79:54
82            android:name="com.dong.multirun.Ovbk$Trump"
82-->src/main/AndroidManifest.xml:72:13-56
83            android:configChanges="fontScale|smallestScreenSize|screenSize|uiMode|screenLayout|orientation|navigation|keyboardHidden|keyboard|touchscreen|locale|mnc|mcc"
83-->src/main/AndroidManifest.xml:78:13-170
84            android:excludeFromRecents="true"
84-->src/main/AndroidManifest.xml:76:13-46
85            android:exported="true"
85-->src/main/AndroidManifest.xml:73:13-36
86            android:process=":service"
86-->src/main/AndroidManifest.xml:74:13-39
87            android:screenOrientation="behind"
87-->src/main/AndroidManifest.xml:77:13-47
88            android:supportsPictureInPicture="true"
88-->src/main/AndroidManifest.xml:79:13-52
89            android:taskAffinity="com.dong.multirun.intent.trump"
89-->src/main/AndroidManifest.xml:75:13-66
90            android:theme="@style/Theme.AgentActivity" />
90-->src/main/AndroidManifest.xml:71:13-55
91        <activity
91-->src/main/AndroidManifest.xml:80:9-88:54
92            android:name="com.dong.multirun.Ovbk$Resolve"
92-->src/main/AndroidManifest.xml:82:13-58
93            android:configChanges="fontScale|smallestScreenSize|screenSize|uiMode|screenLayout|orientation|navigation|keyboardHidden|keyboard|touchscreen|locale|mnc|mcc"
93-->src/main/AndroidManifest.xml:87:13-170
94            android:exported="true"
94-->src/main/AndroidManifest.xml:83:13-36
95            android:process=":service"
95-->src/main/AndroidManifest.xml:84:13-39
96            android:screenOrientation="behind"
96-->src/main/AndroidManifest.xml:86:13-47
97            android:supportsPictureInPicture="true"
97-->src/main/AndroidManifest.xml:88:13-52
98            android:taskAffinity="com.dong.multirun.intent.resolve"
98-->src/main/AndroidManifest.xml:85:13-68
99            android:theme="@style/Theme.AgentActivity" />
99-->src/main/AndroidManifest.xml:81:13-55
100        <activity
100-->src/main/AndroidManifest.xml:89:9-106:20
101            android:name="com.dong.multirun.Ovbk$FB"
101-->src/main/AndroidManifest.xml:91:13-53
102            android:exported="true"
102-->src/main/AndroidManifest.xml:92:13-36
103            android:process=":service"
103-->src/main/AndroidManifest.xml:93:13-39
104            android:taskAffinity="com.dong.multirun.intent.fb"
104-->src/main/AndroidManifest.xml:94:13-63
105            android:theme="@android:style/Theme.Translucent.NoTitleBar" >
105-->src/main/AndroidManifest.xml:90:13-72
106            <intent-filter>
106-->src/main/AndroidManifest.xml:95:13-105:29
107                <action android:name="android.intent.action.VIEW" />
107-->src/main/AndroidManifest.xml:96:17-97:64
107-->src/main/AndroidManifest.xml:97:21-62
108
109                <category android:name="android.intent.category.DEFAULT" />
109-->src/main/AndroidManifest.xml:98:17-99:69
109-->src/main/AndroidManifest.xml:99:21-67
110                <category android:name="android.intent.category.BROWSABLE" />
110-->src/main/AndroidManifest.xml:100:17-101:71
110-->src/main/AndroidManifest.xml:101:21-69
111
112                <data
112-->src/main/AndroidManifest.xml:102:17-104:59
113                    android:host="cct.com.dong.multirun"
113-->src/main/AndroidManifest.xml:104:21-57
114                    android:scheme="fbconnect" />
114-->src/main/AndroidManifest.xml:103:21-47
115            </intent-filter>
116        </activity>
117
118        <service
118-->src/main/AndroidManifest.xml:107:9-111:41
119            android:name="com.dong.multirun.Ovbk$Job"
119-->src/main/AndroidManifest.xml:108:13-54
120            android:exported="true"
120-->src/main/AndroidManifest.xml:110:13-36
121            android:permission="android.permission.BIND_JOB_SERVICE"
121-->src/main/AndroidManifest.xml:109:13-69
122            android:process=":service" />
122-->src/main/AndroidManifest.xml:111:13-39
123
124        <provider
124-->src/main/AndroidManifest.xml:112:9-117:49
125            android:name="com.dong.multirun.Ovbk$File"
125-->src/main/AndroidManifest.xml:113:13-55
126            android:authorities="com.dong.multirun.com.dong.multirun.Ovbk$File"
126-->src/main/AndroidManifest.xml:116:13-80
127            android:exported="false"
127-->src/main/AndroidManifest.xml:114:13-37
128            android:grantUriPermissions="true"
128-->src/main/AndroidManifest.xml:117:13-47
129            android:process=":service" />
129-->src/main/AndroidManifest.xml:115:13-39
130        <provider
130-->src/main/AndroidManifest.xml:118:9-122:49
131            android:name="com.dong.multirun.Ovbk$Client"
131-->src/main/AndroidManifest.xml:119:13-57
132            android:authorities="com.dong.multirun.com.dong.multirun.Ovbk$Client"
132-->src/main/AndroidManifest.xml:121:13-82
133            android:exported="false"
133-->src/main/AndroidManifest.xml:120:13-37
134            android:grantUriPermissions="true" />
134-->src/main/AndroidManifest.xml:122:13-47
135        <provider
135-->src/main/AndroidManifest.xml:123:9-127:85
136            android:name="com.dong.multirun.Ovbk$Service"
136-->src/main/AndroidManifest.xml:124:13-58
137            android:authorities="com.dong.multirun.com.dong.multirun.Ovbk$Service"
137-->src/main/AndroidManifest.xml:127:13-83
138            android:exported="true"
138-->src/main/AndroidManifest.xml:125:13-36
139            android:process=":service" />
139-->src/main/AndroidManifest.xml:126:13-39
140
141        <activity
141-->src/main/AndroidManifest.xml:128:9-135:172
142            android:name="com.dong.multirun.Ovbk$PA"
142-->src/main/AndroidManifest.xml:130:13-53
143            android:configChanges="fontScale|smallestScreenSize|screenSize|uiMode|screenLayout|orientation|navigation|keyboardHidden|keyboard|touchscreen|locale|mnc|mcc"
143-->src/main/AndroidManifest.xml:135:13-170
144            android:excludeFromRecents="true"
144-->src/main/AndroidManifest.xml:134:13-46
145            android:exported="true"
145-->src/main/AndroidManifest.xml:131:13-36
146            android:process=":service"
146-->src/main/AndroidManifest.xml:132:13-39
147            android:taskAffinity="com.dong.multirun.intent.sender"
147-->src/main/AndroidManifest.xml:133:13-67
148            android:theme="@style/Theme.AgentActivity" />
148-->src/main/AndroidManifest.xml:129:13-55
149
150        <service
150-->src/main/AndroidManifest.xml:136:9-139:41
151            android:name="com.dong.multirun.Ovbk$PS"
151-->src/main/AndroidManifest.xml:137:13-53
152            android:exported="true"
152-->src/main/AndroidManifest.xml:138:13-36
153            android:process=":service" />
153-->src/main/AndroidManifest.xml:139:13-39
154
155        <receiver
155-->src/main/AndroidManifest.xml:140:9-143:41
156            android:name="com.dong.multirun.Ovbk$PR"
156-->src/main/AndroidManifest.xml:141:13-53
157            android:exported="false"
157-->src/main/AndroidManifest.xml:142:13-37
158            android:process=":service" />
158-->src/main/AndroidManifest.xml:143:13-39
159
160        <activity
160-->src/main/AndroidManifest.xml:144:9-150:54
161            android:name="com.dong.multirun.Ovbk$Proxy"
161-->src/main/AndroidManifest.xml:146:13-56
162            android:configChanges="fontScale|smallestScreenSize|screenSize|uiMode|screenLayout|orientation|navigation|keyboardHidden|keyboard|touchscreen|locale|mnc|mcc"
162-->src/main/AndroidManifest.xml:149:13-170
163            android:exported="true"
163-->src/main/AndroidManifest.xml:147:13-36
164            android:multiprocess="true"
164-->src/main/AndroidManifest.xml:148:13-40
165            android:supportsPictureInPicture="true"
165-->src/main/AndroidManifest.xml:150:13-52
166            android:theme="@style/Theme.AgentActivity" />
166-->src/main/AndroidManifest.xml:145:13-55
167        <activity
167-->src/main/AndroidManifest.xml:151:9-157:54
168            android:name="com.dong.multirun.Ovbk$ProxyE"
168-->src/main/AndroidManifest.xml:153:13-57
169            android:configChanges="fontScale|smallestScreenSize|screenSize|uiMode|screenLayout|orientation|navigation|keyboardHidden|keyboard|touchscreen|locale|mnc|mcc"
169-->src/main/AndroidManifest.xml:156:13-170
170            android:exported="true"
170-->src/main/AndroidManifest.xml:154:13-36
171            android:multiprocess="true"
171-->src/main/AndroidManifest.xml:155:13-40
172            android:supportsPictureInPicture="true"
172-->src/main/AndroidManifest.xml:157:13-52
173            android:theme="@style/Theme.AgentActivity.OptEdgeToEdge" />
173-->src/main/AndroidManifest.xml:152:13-69
174        <activity
174-->src/main/AndroidManifest.xml:158:9-164:54
175            android:name="com.dong.multirun.Ovbk$ProxyT"
175-->src/main/AndroidManifest.xml:160:13-57
176            android:configChanges="fontScale|smallestScreenSize|screenSize|uiMode|screenLayout|orientation|navigation|keyboardHidden|keyboard|touchscreen|locale|mnc|mcc"
176-->src/main/AndroidManifest.xml:163:13-170
177            android:exported="true"
177-->src/main/AndroidManifest.xml:161:13-36
178            android:multiprocess="true"
178-->src/main/AndroidManifest.xml:162:13-40
179            android:supportsPictureInPicture="true"
179-->src/main/AndroidManifest.xml:164:13-52
180            android:theme="@style/Theme.AgentActivity.Translucent" />
180-->src/main/AndroidManifest.xml:159:13-67
181        <activity
181-->src/main/AndroidManifest.xml:165:9-172:54
182            android:name="com.dong.multirun.Ovbk$ProxyP"
182-->src/main/AndroidManifest.xml:167:13-57
183            android:configChanges="fontScale|smallestScreenSize|screenSize|uiMode|screenLayout|orientation|navigation|keyboardHidden|keyboard|touchscreen|locale|mnc|mcc"
183-->src/main/AndroidManifest.xml:171:13-170
184            android:exported="true"
184-->src/main/AndroidManifest.xml:168:13-36
185            android:multiprocess="true"
185-->src/main/AndroidManifest.xml:169:13-40
186            android:screenOrientation="portrait"
186-->src/main/AndroidManifest.xml:170:13-49
187            android:supportsPictureInPicture="true"
187-->src/main/AndroidManifest.xml:172:13-52
188            android:theme="@style/Theme.AgentActivity" />
188-->src/main/AndroidManifest.xml:166:13-55
189        <activity
189-->src/main/AndroidManifest.xml:173:9-180:54
190            android:name="com.dong.multirun.Ovbk$ProxyPE"
190-->src/main/AndroidManifest.xml:175:13-58
191            android:configChanges="fontScale|smallestScreenSize|screenSize|uiMode|screenLayout|orientation|navigation|keyboardHidden|keyboard|touchscreen|locale|mnc|mcc"
191-->src/main/AndroidManifest.xml:179:13-170
192            android:exported="true"
192-->src/main/AndroidManifest.xml:176:13-36
193            android:multiprocess="true"
193-->src/main/AndroidManifest.xml:177:13-40
194            android:screenOrientation="portrait"
194-->src/main/AndroidManifest.xml:178:13-49
195            android:supportsPictureInPicture="true"
195-->src/main/AndroidManifest.xml:180:13-52
196            android:theme="@style/Theme.AgentActivity.OptEdgeToEdge" />
196-->src/main/AndroidManifest.xml:174:13-69
197        <activity
197-->src/main/AndroidManifest.xml:181:9-188:54
198            android:name="com.dong.multirun.Ovbk$ProxyPT"
198-->src/main/AndroidManifest.xml:183:13-58
199            android:configChanges="fontScale|smallestScreenSize|screenSize|uiMode|screenLayout|orientation|navigation|keyboardHidden|keyboard|touchscreen|locale|mnc|mcc"
199-->src/main/AndroidManifest.xml:187:13-170
200            android:exported="true"
200-->src/main/AndroidManifest.xml:184:13-36
201            android:multiprocess="true"
201-->src/main/AndroidManifest.xml:185:13-40
202            android:screenOrientation="portrait"
202-->src/main/AndroidManifest.xml:186:13-49
203            android:supportsPictureInPicture="true"
203-->src/main/AndroidManifest.xml:188:13-52
204            android:theme="@style/Theme.AgentActivity.Translucent" />
204-->src/main/AndroidManifest.xml:182:13-67
205        <activity
205-->src/main/AndroidManifest.xml:189:9-196:54
206            android:name="com.dong.multirun.Ovbk$ProxyB"
206-->src/main/AndroidManifest.xml:191:13-57
207            android:configChanges="fontScale|smallestScreenSize|screenSize|uiMode|screenLayout|orientation|navigation|keyboardHidden|keyboard|touchscreen|locale|mnc|mcc"
207-->src/main/AndroidManifest.xml:195:13-170
208            android:exported="true"
208-->src/main/AndroidManifest.xml:192:13-36
209            android:multiprocess="true"
209-->src/main/AndroidManifest.xml:193:13-40
210            android:screenOrientation="behind"
210-->src/main/AndroidManifest.xml:194:13-47
211            android:supportsPictureInPicture="true"
211-->src/main/AndroidManifest.xml:196:13-52
212            android:theme="@style/Theme.AgentActivity" />
212-->src/main/AndroidManifest.xml:190:13-55
213        <activity
213-->src/main/AndroidManifest.xml:197:9-204:54
214            android:name="com.dong.multirun.Ovbk$ProxyBE"
214-->src/main/AndroidManifest.xml:199:13-58
215            android:configChanges="fontScale|smallestScreenSize|screenSize|uiMode|screenLayout|orientation|navigation|keyboardHidden|keyboard|touchscreen|locale|mnc|mcc"
215-->src/main/AndroidManifest.xml:203:13-170
216            android:exported="true"
216-->src/main/AndroidManifest.xml:200:13-36
217            android:multiprocess="true"
217-->src/main/AndroidManifest.xml:201:13-40
218            android:screenOrientation="behind"
218-->src/main/AndroidManifest.xml:202:13-47
219            android:supportsPictureInPicture="true"
219-->src/main/AndroidManifest.xml:204:13-52
220            android:theme="@style/Theme.AgentActivity.OptEdgeToEdge" />
220-->src/main/AndroidManifest.xml:198:13-69
221        <activity
221-->src/main/AndroidManifest.xml:205:9-212:54
222            android:name="com.dong.multirun.Ovbk$ProxyBT"
222-->src/main/AndroidManifest.xml:207:13-58
223            android:configChanges="fontScale|smallestScreenSize|screenSize|uiMode|screenLayout|orientation|navigation|keyboardHidden|keyboard|touchscreen|locale|mnc|mcc"
223-->src/main/AndroidManifest.xml:211:13-170
224            android:exported="true"
224-->src/main/AndroidManifest.xml:208:13-36
225            android:multiprocess="true"
225-->src/main/AndroidManifest.xml:209:13-40
226            android:screenOrientation="behind"
226-->src/main/AndroidManifest.xml:210:13-47
227            android:supportsPictureInPicture="true"
227-->src/main/AndroidManifest.xml:212:13-52
228            android:theme="@style/Theme.AgentActivity.Translucent" />
228-->src/main/AndroidManifest.xml:206:13-67
229        <activity
229-->src/main/AndroidManifest.xml:213:9-220:54
230            android:name="com.dong.multirun.Ovbk$ProxyL"
230-->src/main/AndroidManifest.xml:215:13-57
231            android:configChanges="fontScale|smallestScreenSize|screenSize|uiMode|screenLayout|orientation|navigation|keyboardHidden|keyboard|touchscreen|locale|mnc|mcc"
231-->src/main/AndroidManifest.xml:219:13-170
232            android:exported="true"
232-->src/main/AndroidManifest.xml:216:13-36
233            android:multiprocess="true"
233-->src/main/AndroidManifest.xml:217:13-40
234            android:screenOrientation="landscape"
234-->src/main/AndroidManifest.xml:218:13-50
235            android:supportsPictureInPicture="true"
235-->src/main/AndroidManifest.xml:220:13-52
236            android:theme="@style/Theme.AgentActivity" />
236-->src/main/AndroidManifest.xml:214:13-55
237        <activity
237-->src/main/AndroidManifest.xml:221:9-228:54
238            android:name="com.dong.multirun.Ovbk$ProxyLE"
238-->src/main/AndroidManifest.xml:223:13-58
239            android:configChanges="fontScale|smallestScreenSize|screenSize|uiMode|screenLayout|orientation|navigation|keyboardHidden|keyboard|touchscreen|locale|mnc|mcc"
239-->src/main/AndroidManifest.xml:227:13-170
240            android:exported="true"
240-->src/main/AndroidManifest.xml:224:13-36
241            android:multiprocess="true"
241-->src/main/AndroidManifest.xml:225:13-40
242            android:screenOrientation="landscape"
242-->src/main/AndroidManifest.xml:226:13-50
243            android:supportsPictureInPicture="true"
243-->src/main/AndroidManifest.xml:228:13-52
244            android:theme="@style/Theme.AgentActivity.OptEdgeToEdge" />
244-->src/main/AndroidManifest.xml:222:13-69
245        <activity
245-->src/main/AndroidManifest.xml:229:9-236:54
246            android:name="com.dong.multirun.Ovbk$ProxyLT"
246-->src/main/AndroidManifest.xml:231:13-58
247            android:configChanges="fontScale|smallestScreenSize|screenSize|uiMode|screenLayout|orientation|navigation|keyboardHidden|keyboard|touchscreen|locale|mnc|mcc"
247-->src/main/AndroidManifest.xml:235:13-170
248            android:exported="true"
248-->src/main/AndroidManifest.xml:232:13-36
249            android:multiprocess="true"
249-->src/main/AndroidManifest.xml:233:13-40
250            android:screenOrientation="landscape"
250-->src/main/AndroidManifest.xml:234:13-50
251            android:supportsPictureInPicture="true"
251-->src/main/AndroidManifest.xml:236:13-52
252            android:theme="@style/Theme.AgentActivity.Translucent" />
252-->src/main/AndroidManifest.xml:230:13-67
253
254        <provider
254-->src/main/AndroidManifest.xml:237:9-241:80
255            android:name="com.dong.multirun.Ovbk$P0"
255-->src/main/AndroidManifest.xml:238:13-53
256            android:authorities="com.dong.multirun.com.dong.multirun.Ovbk$P0"
256-->src/main/AndroidManifest.xml:241:13-78
257            android:exported="true"
257-->src/main/AndroidManifest.xml:239:13-36
258            android:process=":agent0" />
258-->src/main/AndroidManifest.xml:240:13-38
259
260        <activity
260-->src/main/AndroidManifest.xml:242:9-251:54
261            android:name="com.dong.multirun.Ovbk$A0"
261-->src/main/AndroidManifest.xml:244:13-53
262            android:configChanges="fontScale|smallestScreenSize|screenSize|uiMode|screenLayout|orientation|navigation|keyboardHidden|keyboard|touchscreen|locale|mnc|mcc"
262-->src/main/AndroidManifest.xml:250:13-170
263            android:excludeFromRecents="true"
263-->src/main/AndroidManifest.xml:248:13-46
264            android:exported="true"
264-->src/main/AndroidManifest.xml:245:13-36
265            android:process=":agent0"
265-->src/main/AndroidManifest.xml:246:13-38
266            android:screenOrientation="behind"
266-->src/main/AndroidManifest.xml:249:13-47
267            android:supportsPictureInPicture="true"
267-->src/main/AndroidManifest.xml:251:13-52
268            android:taskAffinity="com.dong.multirun.affinity0"
268-->src/main/AndroidManifest.xml:247:13-63
269            android:theme="@style/Theme.AgentActivity" />
269-->src/main/AndroidManifest.xml:243:13-55
270
271        <provider
271-->src/main/AndroidManifest.xml:252:9-256:80
272            android:name="com.dong.multirun.Ovbk$P1"
272-->src/main/AndroidManifest.xml:253:13-53
273            android:authorities="com.dong.multirun.com.dong.multirun.Ovbk$P1"
273-->src/main/AndroidManifest.xml:256:13-78
274            android:exported="true"
274-->src/main/AndroidManifest.xml:254:13-36
275            android:process=":agent1" />
275-->src/main/AndroidManifest.xml:255:13-38
276
277        <activity
277-->src/main/AndroidManifest.xml:257:9-266:54
278            android:name="com.dong.multirun.Ovbk$A1"
278-->src/main/AndroidManifest.xml:259:13-53
279            android:configChanges="fontScale|smallestScreenSize|screenSize|uiMode|screenLayout|orientation|navigation|keyboardHidden|keyboard|touchscreen|locale|mnc|mcc"
279-->src/main/AndroidManifest.xml:265:13-170
280            android:excludeFromRecents="true"
280-->src/main/AndroidManifest.xml:263:13-46
281            android:exported="true"
281-->src/main/AndroidManifest.xml:260:13-36
282            android:process=":agent1"
282-->src/main/AndroidManifest.xml:261:13-38
283            android:screenOrientation="behind"
283-->src/main/AndroidManifest.xml:264:13-47
284            android:supportsPictureInPicture="true"
284-->src/main/AndroidManifest.xml:266:13-52
285            android:taskAffinity="com.dong.multirun.affinity1"
285-->src/main/AndroidManifest.xml:262:13-63
286            android:theme="@style/Theme.AgentActivity" />
286-->src/main/AndroidManifest.xml:258:13-55
287
288        <provider
288-->src/main/AndroidManifest.xml:267:9-271:80
289            android:name="com.dong.multirun.Ovbk$P2"
289-->src/main/AndroidManifest.xml:268:13-53
290            android:authorities="com.dong.multirun.com.dong.multirun.Ovbk$P2"
290-->src/main/AndroidManifest.xml:271:13-78
291            android:exported="true"
291-->src/main/AndroidManifest.xml:269:13-36
292            android:process=":agent2" />
292-->src/main/AndroidManifest.xml:270:13-38
293
294        <activity
294-->src/main/AndroidManifest.xml:272:9-281:54
295            android:name="com.dong.multirun.Ovbk$A2"
295-->src/main/AndroidManifest.xml:274:13-53
296            android:configChanges="fontScale|smallestScreenSize|screenSize|uiMode|screenLayout|orientation|navigation|keyboardHidden|keyboard|touchscreen|locale|mnc|mcc"
296-->src/main/AndroidManifest.xml:280:13-170
297            android:excludeFromRecents="true"
297-->src/main/AndroidManifest.xml:278:13-46
298            android:exported="true"
298-->src/main/AndroidManifest.xml:275:13-36
299            android:process=":agent2"
299-->src/main/AndroidManifest.xml:276:13-38
300            android:screenOrientation="behind"
300-->src/main/AndroidManifest.xml:279:13-47
301            android:supportsPictureInPicture="true"
301-->src/main/AndroidManifest.xml:281:13-52
302            android:taskAffinity="com.dong.multirun.affinity2"
302-->src/main/AndroidManifest.xml:277:13-63
303            android:theme="@style/Theme.AgentActivity" />
303-->src/main/AndroidManifest.xml:273:13-55
304
305        <provider
305-->src/main/AndroidManifest.xml:282:9-286:80
306            android:name="com.dong.multirun.Ovbk$P3"
306-->src/main/AndroidManifest.xml:283:13-53
307            android:authorities="com.dong.multirun.com.dong.multirun.Ovbk$P3"
307-->src/main/AndroidManifest.xml:286:13-78
308            android:exported="true"
308-->src/main/AndroidManifest.xml:284:13-36
309            android:process=":agent3" />
309-->src/main/AndroidManifest.xml:285:13-38
310
311        <activity
311-->src/main/AndroidManifest.xml:287:9-296:54
312            android:name="com.dong.multirun.Ovbk$A3"
312-->src/main/AndroidManifest.xml:289:13-53
313            android:configChanges="fontScale|smallestScreenSize|screenSize|uiMode|screenLayout|orientation|navigation|keyboardHidden|keyboard|touchscreen|locale|mnc|mcc"
313-->src/main/AndroidManifest.xml:295:13-170
314            android:excludeFromRecents="true"
314-->src/main/AndroidManifest.xml:293:13-46
315            android:exported="true"
315-->src/main/AndroidManifest.xml:290:13-36